*********************************************************************
* LD Score Regression (LDSC)
* Version 1.0.1
* (C) 2014-2019 Brendan Bulik-Sullivan and Hilary Finucane
* Broad Institute of MIT and Harvard / MIT Department of Mathematics
* GNU General Public License v3
*********************************************************************
Call: 
./ldsc.py \
--ref-ld-chr /home/kmarians/scratch/private/ldsc/eur_w_ld_chr/ \
--out /home/kmarians/scratch/private/maths_gwas/rg_results/maths_rg \
--rg /home/kmarians/scratch/private/maths_gwas/sumstats/MATHS.sumstats.gz,/home/kmarians/projects/uosa/Silvia_Paracchini/GWAS_maths_downstream_analysis/sumstats/ADHD.sumstats.gz,/home/kmarians/projects/uosa/Silvia_Paracchini/GWAS_maths_downstream_analysis/sumstats/EA.sumstats.gz,/home/kmarians/projects/uosa/Silvia_Paracchini/GWAS_maths_downstream_analysis/sumstats/Bellenguez.sumstats.gz,/home/kmarians/projects/uosa/Silvia_Paracchini/GWAS_maths_downstream_analysis/sumstats/non_word_reading_Elsing_2022.sumstats.gz,/home/kmarians/projects/uosa/Silvia_Paracchini/GWAS_maths_downstream_analysis/sumstats/non_word_repetition_Elsing_2022.sumstats.gz,/home/kmarians/projects/uosa/Silvia_Paracchini/GWAS_maths_downstream_analysis/sumstats/phoneme_awareness_Elsing_2022.sumstats.gz,/home/kmarians/projects/uosa/Silvia_Paracchini/GWAS_maths_downstream_analysis/sumstats/spelling_Elsing_2022.sumstats.gz,/home/kmarians/projects/uosa/Silvia_Paracchini/GWAS_maths_downstream_analysis/sumstats/word_reading_Elsing_2022.sumstats.gz,/home/kmarians/projects/uosa/Silvia_Paracchini/GWAS_maths_downstream_analysis/sumstats/ENIGMA3_mixed_se_wo_Mean_Full_Thickness.sumstats.gz,/home/kmarians/projects/uosa/Silvia_Paracchini/GWAS_maths_downstream_analysis/sumstats/ENIGMA3_mixed_se_wo_Mean_Full_Thickness_noGC.sumstats.gz,/home/kmarians/projects/uosa/Silvia_Paracchini/GWAS_maths_downstream_analysis/sumstats/ENIGMA3_mixed_se_wo_Mean_Full_SurfArea.sumstats.gz,/home/kmarians/projects/uosa/Silvia_Paracchini/GWAS_maths_downstream_analysis/sumstats/ENIGMA3_mixed_se_wo_Mean_Full_SurfArea_noGC.sumstats.gz,/home/kmarians/projects/uosa/Silvia_Paracchini/GWAS_maths_downstream_analysis/sumstats/23andMe.sumstats.gz \
--w-ld-chr /home/kmarians/scratch/private/ldsc/weights_hm3_no_hla/weights. 

Beginning analysis at Tue Apr  8 18:07:34 2025
Reading summary statistics from /home/kmarians/scratch/private/maths_gwas/sumstats/MATHS.sumstats.gz ...
Read summary statistics for 985193 SNPs.
Reading reference panel LD Score from /home/kmarians/scratch/private/ldsc/eur_w_ld_chr/[1-22] ... (ldscore_fromlist)
Read reference panel LD Scores for 1290028 SNPs.
Removing partitioned LD Scores with zero variance.
Reading regression weight LD Score from /home/kmarians/scratch/private/ldsc/weights_hm3_no_hla/weights.[1-22] ... (ldscore_fromlist)
Read regression weight LD Scores for 1187349 SNPs.
After merging with reference panel LD, 982346 SNPs remain.
After merging with regression SNP LD, 975393 SNPs remain.
Computing rg for phenotype 2/14
Reading summary statistics from /home/kmarians/projects/uosa/Silvia_Paracchini/GWAS_maths_downstream_analysis/sumstats/ADHD.sumstats.gz ...
Read summary statistics for 1217311 SNPs.
After merging with summary statistics, 975393 SNPs remain.
974980 SNPs with valid alleles.

Heritability of phenotype 1
---------------------------
Total Observed scale h2: 0.0708 (0.029)
Lambda GC: 1.0496
Mean Chi^2: 1.0511
Intercept: 1.0255 (0.0074)
Ratio: 0.4991 (0.144)

Heritability of phenotype 2/14
------------------------------
Total Observed scale h2: 0.2574 (0.0158)
Lambda GC: 1.3068
Mean Chi^2: 1.3684
Intercept: 1.0546 (0.0109)
Ratio: 0.1481 (0.0295)

Genetic Covariance
------------------
Total Observed scale gencov: 0.1022 (0.0145)
Mean z1*z2: 0.0745
Intercept: 0.0064 (0.0067)

Genetic Correlation
-------------------
Genetic Correlation: 0.7572 (0.1819)
Z-score: 4.1634
P: 3.1354e-05

Computing rg for phenotype 3/14
Reading summary statistics from /home/kmarians/projects/uosa/Silvia_Paracchini/GWAS_maths_downstream_analysis/sumstats/EA.sumstats.gz ...
Read summary statistics for 1217311 SNPs.
After merging with summary statistics, 975393 SNPs remain.
945702 SNPs with valid alleles.

Heritability of phenotype 3/14
------------------------------
Total Observed scale h2: 0.0583 (0.0027)
Lambda GC: 1.4962
Mean Chi^2: 1.623
Intercept: 1.0019 (0.0131)
Ratio: 0.0031 (0.021)

Genetic Covariance
------------------
Total Observed scale gencov: -0.032 (0.0053)
Mean z1*z2: -0.0666
Intercept: -0.0037 (0.0061)

Genetic Correlation
-------------------
Genetic Correlation: -0.4918 (0.1218)
Z-score: -4.0386
P: 5.3776e-05

Computing rg for phenotype 4/14
Reading summary statistics from /home/kmarians/projects/uosa/Silvia_Paracchini/GWAS_maths_downstream_analysis/sumstats/Bellenguez.sumstats.gz ...
Read summary statistics for 1217311 SNPs.
After merging with summary statistics, 975393 SNPs remain.
965294 SNPs with valid alleles.

Heritability of phenotype 4/14
------------------------------
Total Observed scale h2: 0.0189 (0.003)
Lambda GC: 1.2136
Mean Chi^2: 1.2909
Intercept: 1.0905 (0.0266)
Ratio: 0.3112 (0.0914)

Genetic Covariance
------------------
Total Observed scale gencov: 0.001 (0.0014)
Mean z1*z2: 0.0006
Intercept: -0.001 (0.0027)

Genetic Correlation
-------------------
Genetic Correlation: 0.0268 (0.0375)
Z-score: 0.714
P: 0.4752

Computing rg for phenotype 5/14
Reading summary statistics from /home/kmarians/projects/uosa/Silvia_Paracchini/GWAS_maths_downstream_analysis/sumstats/non_word_reading_Elsing_2022.sumstats.gz ...
Read summary statistics for 1217311 SNPs.
After merging with summary statistics, 975393 SNPs remain.
965594 SNPs with valid alleles.

Heritability of phenotype 5/14
------------------------------
Total Observed scale h2: 0.238 (0.029)
Lambda GC: 1.071
Mean Chi^2: 1.0735
Intercept: 0.983 (0.0077)
Ratio < 0 (usually indicates GC correction).

Genetic Covariance
------------------
Total Observed scale gencov: -0.0984 (0.0199)
Mean z1*z2: -0.1782
Intercept: -0.1411 (0.0057)

Genetic Correlation
-------------------
Genetic Correlation: -0.7662 (0.1894)
Z-score: -4.0453
P: 5.2251e-05

Computing rg for phenotype 6/14
Reading summary statistics from /home/kmarians/projects/uosa/Silvia_Paracchini/GWAS_maths_downstream_analysis/sumstats/non_word_repetition_Elsing_2022.sumstats.gz ...
Read summary statistics for 1217311 SNPs.
After merging with summary statistics, 975393 SNPs remain.
957586 SNPs with valid alleles.

Heritability of phenotype 6/14
------------------------------
Total Observed scale h2: 0.0733 (0.0312)
Lambda GC: 0.878
Mean Chi^2: 0.904
Intercept: 0.8822 (0.007)
Ratio: NA (mean chi^2 < 1)

Genetic Covariance
------------------
Total Observed scale gencov: -0.0634 (0.0197)
Mean z1*z2: -0.0772
Intercept: -0.0566 (0.0044)

Genetic Correlation
-------------------
Genetic Correlation: -0.8873 (0.3271)
Z-score: -2.7127
P: 0.0067

Computing rg for phenotype 7/14
Reading summary statistics from /home/kmarians/projects/uosa/Silvia_Paracchini/GWAS_maths_downstream_analysis/sumstats/phoneme_awareness_Elsing_2022.sumstats.gz ...
Read summary statistics for 1217311 SNPs.
After merging with summary statistics, 975393 SNPs remain.
957786 SNPs with valid alleles.

Heritability of phenotype 7/14
------------------------------
Total Observed scale h2: 0.2 (0.0391)
Lambda GC: 1.0405
Mean Chi^2: 1.0468
Intercept: 0.9881 (0.0077)
Ratio < 0 (usually indicates GC correction).

Genetic Covariance
------------------
Total Observed scale gencov: -0.1365 (0.0247)
Mean z1*z2: -0.1518
Intercept: -0.1071 (0.0057)

Genetic Correlation
-------------------
Genetic Correlation: -1.1535 (0.2785)
Z-score: -4.1425
P: 3.4361e-05

Computing rg for phenotype 8/14
Reading summary statistics from /home/kmarians/projects/uosa/Silvia_Paracchini/GWAS_maths_downstream_analysis/sumstats/spelling_Elsing_2022.sumstats.gz ...
Read summary statistics for 1217311 SNPs.
After merging with summary statistics, 975393 SNPs remain.
965354 SNPs with valid alleles.

Heritability of phenotype 8/14
------------------------------
Total Observed scale h2: 0.2233 (0.0289)
Lambda GC: 1.0527
Mean Chi^2: 1.0653
Intercept: 0.9773 (0.0072)
Ratio < 0 (usually indicates GC correction).

Genetic Covariance
------------------
Total Observed scale gencov: -0.1103 (0.021)
Mean z1*z2: -0.1701
Intercept: -0.1278 (0.0058)

Genetic Correlation
-------------------
Genetic Correlation: -0.8862 (0.2156)
Z-score: -4.1093
P: 3.9679e-05

Computing rg for phenotype 9/14
Reading summary statistics from /home/kmarians/projects/uosa/Silvia_Paracchini/GWAS_maths_downstream_analysis/sumstats/word_reading_Elsing_2022.sumstats.gz ...
Read summary statistics for 1217311 SNPs.
After merging with summary statistics, 975393 SNPs remain.
940576 SNPs with valid alleles.

Heritability of phenotype 9/14
------------------------------
Total Observed scale h2: 0.1774 (0.0182)
Lambda GC: 1.0988
Mean Chi^2: 1.1139
Intercept: 0.9943 (0.0077)
Ratio < 0 (usually indicates GC correction).

Genetic Covariance
------------------
Total Observed scale gencov: -0.1117 (0.0168)
Mean z1*z2: -0.1545
Intercept: -0.0978 (0.0056)

Genetic Correlation
-------------------
Genetic Correlation: -0.9945 (0.1905)
Z-score: -5.2203
P: 1.7868e-07

Computing rg for phenotype 10/14
Reading summary statistics from /home/kmarians/projects/uosa/Silvia_Paracchini/GWAS_maths_downstream_analysis/sumstats/ENIGMA3_mixed_se_wo_Mean_Full_Thickness.sumstats.gz ...
Read summary statistics for 1217311 SNPs.
After merging with summary statistics, 975393 SNPs remain.
972431 SNPs with valid alleles.

Heritability of phenotype 10/14
-------------------------------
Total Observed scale h2: 0.2379 (0.0219)
Lambda GC: 1.0833
Mean Chi^2: 1.116
Intercept: 0.9473 (0.0085)
Ratio < 0 (usually indicates GC correction).

Genetic Covariance
------------------
Total Observed scale gencov: -0.031 (0.0158)
Mean z1*z2: -0.0074
Intercept: 0.0088 (0.0055)

Genetic Correlation
-------------------
Genetic Correlation: -0.2387 (0.13)
Z-score: -1.8371
P: 0.0662

Computing rg for phenotype 11/14
Reading summary statistics from /home/kmarians/projects/uosa/Silvia_Paracchini/GWAS_maths_downstream_analysis/sumstats/ENIGMA3_mixed_se_wo_Mean_Full_Thickness_noGC.sumstats.gz ...
Read summary statistics for 1217311 SNPs.
After merging with summary statistics, 975393 SNPs remain.
972431 SNPs with valid alleles.

Heritability of phenotype 11/14
-------------------------------
Total Observed scale h2: 0.254 (0.0236)
Lambda GC: 1.1619
Mean Chi^2: 1.1972
Intercept: 1.0172 (0.0091)
Ratio: 0.087 (0.0463)

Genetic Covariance
------------------
Total Observed scale gencov: -0.0318 (0.0164)
Mean z1*z2: -0.0074
Intercept: 0.0091 (0.0057)

Genetic Correlation
-------------------
Genetic Correlation: -0.2371 (0.1301)
Z-score: -1.8225
P: 0.0684

Computing rg for phenotype 12/14
Reading summary statistics from /home/kmarians/projects/uosa/Silvia_Paracchini/GWAS_maths_downstream_analysis/sumstats/ENIGMA3_mixed_se_wo_Mean_Full_SurfArea.sumstats.gz ...
Read summary statistics for 1217311 SNPs.
After merging with summary statistics, 975393 SNPs remain.
972482 SNPs with valid alleles.

Heritability of phenotype 12/14
-------------------------------
Total Observed scale h2: 0.3099 (0.0281)
Lambda GC: 1.1082
Mean Chi^2: 1.1577
Intercept: 0.9446 (0.0102)
Ratio < 0 (usually indicates GC correction).

Genetic Covariance
------------------
Total Observed scale gencov: -0.0503 (0.0158)
Mean z1*z2: -0.0344
Intercept: -0.0092 (0.0054)

Genetic Correlation
-------------------
Genetic Correlation: -0.3393 (0.1341)
Z-score: -2.5299
P: 0.0114

Computing rg for phenotype 13/14
Reading summary statistics from /home/kmarians/projects/uosa/Silvia_Paracchini/GWAS_maths_downstream_analysis/sumstats/ENIGMA3_mixed_se_wo_Mean_Full_SurfArea_noGC.sumstats.gz ...
Read summary statistics for 1217311 SNPs.
After merging with summary statistics, 975393 SNPs remain.
972482 SNPs with valid alleles.

Heritability of phenotype 13/14
-------------------------------
Total Observed scale h2: 0.3386 (0.0305)
Lambda GC: 1.2005
Mean Chi^2: 1.2527
Intercept: 1.0201 (0.0109)
Ratio: 0.0795 (0.0431)

Genetic Covariance
------------------
Total Observed scale gencov: -0.0529 (0.0164)
Mean z1*z2: -0.0359
Intercept: -0.0094 (0.0056)

Genetic Correlation
-------------------
Genetic Correlation: -0.3415 (0.134)
Z-score: -2.5476
P: 0.0108

Computing rg for phenotype 14/14
Reading summary statistics from /home/kmarians/projects/uosa/Silvia_Paracchini/GWAS_maths_downstream_analysis/sumstats/23andMe.sumstats.gz ...
Read summary statistics for 1217311 SNPs.
After merging with summary statistics, 975393 SNPs remain.
969013 SNPs with valid alleles.

Heritability of phenotype 14/14
-------------------------------
Total Observed scale h2: 0.0314 (0.0013)
Lambda GC: 1.5957
Mean Chi^2: 1.7859
Intercept: 1.0122 (0.0139)
Ratio: 0.0156 (0.0177)

Genetic Covariance
------------------
Total Observed scale gencov: -0.0251 (0.0039)
Mean z1*z2: -0.0755
Intercept: 0.0011 (0.0068)

Genetic Correlation
-------------------
Genetic Correlation: -0.5322 (0.1261)
Z-score: -4.2212
P: 2.4302e-05


Summary of Genetic Correlation Results
p1                                                                                                                                               p2      rg      se       z           p  h2_obs  h2_obs_se  h2_int  h2_int_se  gcov_int  gcov_int_se
/home/kmarians/scratch/private/maths_gwas/sumstats/MATHS.sumstats.gz                                          /home/kmarians/projects/uosa/Silvia_Paracchini/GWAS_maths_downstream_analysis/sumstats/ADHD.sumstats.gz  0.7572  0.1819  4.1634  3.1354e-05  0.2574     0.0158  1.0546     0.0109    0.0064       0.0067
/home/kmarians/scratch/private/maths_gwas/sumstats/MATHS.sumstats.gz                                            /home/kmarians/projects/uosa/Silvia_Paracchini/GWAS_maths_downstream_analysis/sumstats/EA.sumstats.gz -0.4918  0.1218 -4.0386  5.3776e-05  0.0583     0.0027  1.0019     0.0131   -0.0037       0.0061
/home/kmarians/scratch/private/maths_gwas/sumstats/MATHS.sumstats.gz                                    /home/kmarians/projects/uosa/Silvia_Paracchini/GWAS_maths_downstream_analysis/sumstats/Bellenguez.sumstats.gz  0.0268  0.0375  0.7140  4.7522e-01  0.0189     0.0030  1.0905     0.0266   -0.0010       0.0027
/home/kmarians/scratch/private/maths_gwas/sumstats/MATHS.sumstats.gz                  /home/kmarians/projects/uosa/Silvia_Paracchini/GWAS_maths_downstream_analysis/sumstats/non_word_reading_Elsing_2022.sumstats.gz -0.7662  0.1894 -4.0453  5.2251e-05  0.2380     0.0290  0.9830     0.0077   -0.1411       0.0057
/home/kmarians/scratch/private/maths_gwas/sumstats/MATHS.sumstats.gz               /home/kmarians/projects/uosa/Silvia_Paracchini/GWAS_maths_downstream_analysis/sumstats/non_word_repetition_Elsing_2022.sumstats.gz -0.8873  0.3271 -2.7127  6.6747e-03  0.0733     0.0312  0.8822     0.0070   -0.0566       0.0044
/home/kmarians/scratch/private/maths_gwas/sumstats/MATHS.sumstats.gz                 /home/kmarians/projects/uosa/Silvia_Paracchini/GWAS_maths_downstream_analysis/sumstats/phoneme_awareness_Elsing_2022.sumstats.gz -1.1535  0.2785 -4.1425  3.4361e-05  0.2000     0.0391  0.9881     0.0077   -0.1071       0.0057
/home/kmarians/scratch/private/maths_gwas/sumstats/MATHS.sumstats.gz                          /home/kmarians/projects/uosa/Silvia_Paracchini/GWAS_maths_downstream_analysis/sumstats/spelling_Elsing_2022.sumstats.gz -0.8862  0.2156 -4.1093  3.9679e-05  0.2233     0.0289  0.9773     0.0072   -0.1278       0.0058
/home/kmarians/scratch/private/maths_gwas/sumstats/MATHS.sumstats.gz                      /home/kmarians/projects/uosa/Silvia_Paracchini/GWAS_maths_downstream_analysis/sumstats/word_reading_Elsing_2022.sumstats.gz -0.9945  0.1905 -5.2203  1.7868e-07  0.1774     0.0182  0.9943     0.0077   -0.0978       0.0056
/home/kmarians/scratch/private/maths_gwas/sumstats/MATHS.sumstats.gz       /home/kmarians/projects/uosa/Silvia_Paracchini/GWAS_maths_downstream_analysis/sumstats/ENIGMA3_mixed_se_wo_Mean_Full_Thickness.sumstats.gz -0.2387  0.1300 -1.8371  6.6192e-02  0.2379     0.0219  0.9473     0.0085    0.0088       0.0055
/home/kmarians/scratch/private/maths_gwas/sumstats/MATHS.sumstats.gz  /home/kmarians/projects/uosa/Silvia_Paracchini/GWAS_maths_downstream_analysis/sumstats/ENIGMA3_mixed_se_wo_Mean_Full_Thickness_noGC.sumstats.gz -0.2371  0.1301 -1.8225  6.8373e-02  0.2540     0.0236  1.0172     0.0091    0.0091       0.0057
/home/kmarians/scratch/private/maths_gwas/sumstats/MATHS.sumstats.gz        /home/kmarians/projects/uosa/Silvia_Paracchini/GWAS_maths_downstream_analysis/sumstats/ENIGMA3_mixed_se_wo_Mean_Full_SurfArea.sumstats.gz -0.3393  0.1341 -2.5299  1.1409e-02  0.3099     0.0281  0.9446     0.0102   -0.0092       0.0054
/home/kmarians/scratch/private/maths_gwas/sumstats/MATHS.sumstats.gz   /home/kmarians/projects/uosa/Silvia_Paracchini/GWAS_maths_downstream_analysis/sumstats/ENIGMA3_mixed_se_wo_Mean_Full_SurfArea_noGC.sumstats.gz -0.3415  0.1340 -2.5476  1.0845e-02  0.3386     0.0305  1.0201     0.0109   -0.0094       0.0056
/home/kmarians/scratch/private/maths_gwas/sumstats/MATHS.sumstats.gz                                       /home/kmarians/projects/uosa/Silvia_Paracchini/GWAS_maths_downstream_analysis/sumstats/23andMe.sumstats.gz -0.5322  0.1261 -4.2212  2.4302e-05  0.0314     0.0013  1.0122     0.0139    0.0011       0.0068

Analysis finished at Tue Apr  8 18:08:19 2025
Total time elapsed: 44.75s
